<?xml version="1.0" encoding="UTF-8"?>
<!-- Generated by org.testng.reporters.JUnitReportReporter -->
<testsuite hostname="SVINLP00304" name="com.Testng.CustReg" tests="5" failures="0" timestamp="11 Aug 2020 16:55:07 GMT" time="0.928" errors="0">
  <testcase name="testUser" time="0.711" classname="com.Testng.CustReg"/>
  <testcase name="testPhone" time="0.051" classname="com.Testng.CustReg"/>
  <testcase name="testDOB" time="0.051" classname="com.Testng.CustReg"/>
  <testcase name="testGender" time="0.056" classname="com.Testng.CustReg"/>
  <testcase name="testName" time="0.059" classname="com.Testng.CustReg"/>
</testsuite> <!-- com.Testng.CustReg -->
