<?xml version="1.0" encoding="UTF-8"?>
<!-- Generated by org.testng.reporters.JUnitReportReporter -->
<testsuite hostname="SVINLP00304" name="SBA_Assessment_setup.ExcelUtils" tests="1" failures="0" timestamp="10 Sep 2020 19:24:25 GMT" time="0.748" errors="0">
  <testcase name="readExcelData" time="0.748" classname="SBA_Assessment_setup.ExcelUtils"/>
</testsuite> <!-- SBA_Assessment_setup.ExcelUtils -->
